<?xml version="1.0" encoding="UTF-8"?>
<!-- Generated by org.testng.reporters.JUnitXMLReporter -->
<testsuite ignored="1" hostname="TYSS-Pavan" failures="0" tests="2" name="Test" time="0.07" errors="0" timestamp="2023-02-06T18:02:20 IST">
  <testcase classname="thread.BaseTest" name="@BeforeClass gotoURL" time="0.001">
    <failure type="java.lang.NullPointerException">
      <![CDATA[java.lang.NullPointerException
at thread.BaseTest.gotoURL(BaseTest.java:35)
at java.base/java.util.concurrent.ThreadPoolExecutor.runWorker(ThreadPoolExecutor.java:1128)
at java.base/java.util.concurrent.ThreadPoolExecutor$Worker.run(ThreadPoolExecutor.java:628)
at java.base/java.lang.Thread.run(Thread.java:834)
... Removed 10 stack frames]]>
    </failure>
  </testcase> <!-- @BeforeClass gotoURL -->
  <testcase classname="thread.BaseTest" name="@BeforeClass gotoURL" time="0.001">
    <failure type="java.lang.NullPointerException">
      <![CDATA[java.lang.NullPointerException
at thread.BaseTest.gotoURL(BaseTest.java:35)
at java.base/java.util.concurrent.ThreadPoolExecutor.runWorker(ThreadPoolExecutor.java:1128)
at java.base/java.util.concurrent.ThreadPoolExecutor$Worker.run(ThreadPoolExecutor.java:628)
at java.base/java.lang.Thread.run(Thread.java:834)
... Removed 10 stack frames]]>
    </failure>
  </testcase> <!-- @BeforeClass gotoURL -->
  <testcase classname="thread.BaseTest" name="@AfterClass ac" time="0.0">
    <skipped/>
  </testcase> <!-- @AfterClass ac -->
  <testcase classname="thread.BaseTest" name="@AfterClass ac" time="0.0">
    <skipped/>
  </testcase> <!-- @AfterClass ac -->
  <testcase classname="thread.ClassOne" name="test1" time="0.0">
    <skipped/>
  </testcase> <!-- test1 -->
  <testcase classname="thread.ClassTwo" name="test2" time="0.0">
    <skipped/>
  </testcase> <!-- test2 -->
  <testcase classname="thread.BaseTest" name="@BeforeSuite bs" time="0.0">
    <ignored/>
  </testcase> <!-- @BeforeSuite bs -->
</testsuite> <!-- Test -->
